Using pre-set license
Built from '2020.3/staging' branch; Version is '2020.3.18f1 (a7d1c678663c) revision 10998214'; Using compiler version '192528614'; Build Type 'Release'
OS: 'Windows 10 Home; OS build 19042.1348; Version 2009; 64bit' Language: 'fr' Physical Memory: 8114 MB
BatchMode: 1, IsHumanControllingUs: 0, StartBugReporterOnCrash: 0, Is64bit: 1, IsPro: 0

COMMAND LINE ARGUMENTS:
C:\Program Files\Unity\Hub\Editor\2020.3.18f1\Editor\Unity.exe
-adb2
-batchMode
-noUpm
-name
AssetImportWorker1
-projectPath
D:/Tipiak/GamJam_IAD_G5/GamJam_IAD_G5_UnityProject
-logFile
Logs/AssetImportWorker1.log
-srvPort
50891
Successfully changed project path to: D:/Tipiak/GamJam_IAD_G5/GamJam_IAD_G5_UnityProject
D:/Tipiak/GamJam_IAD_G5/GamJam_IAD_G5_UnityProject
Using Asset Import Pipeline V2.
Refreshing native plugins compatible for Editor in 396.81 ms, found 2 plugins.
Preloading 0 native plugins for Editor in 0.00 ms.
Initialize engine version: 2020.3.18f1 (a7d1c678663c)
[Subsystems] Discovering subsystems at path C:/Program Files/Unity/Hub/Editor/2020.3.18f1/Editor/Data/Resources/UnitySubsystems
[Subsystems] Discovering subsystems at path D:/Tipiak/GamJam_IAD_G5/GamJam_IAD_G5_UnityProject/Assets
GfxDevice: creating device client; threaded=0
Direct3D:
    Version:  Direct3D 11.0 [level 11.1]
    Renderer: NVIDIA GeForce GTX 1660 Ti (ID=0x2182)
    Vendor:   
    VRAM:     5991 MB
    Driver:   30.0.14.7151
Initialize mono
Mono path[0] = 'C:/Program Files/Unity/Hub/Editor/2020.3.18f1/Editor/Data/Managed'
Mono path[1] = 'C:/Program Files/Unity/Hub/Editor/2020.3.18f1/Editor/Data/MonoBleedingEdge/lib/mono/unityjit'
Mono config path = 'C:/Program Files/Unity/Hub/Editor/2020.3.18f1/Editor/Data/MonoBleedingEdge/etc'
Using monoOptions --debugger-agent=transport=dt_socket,embedding=1,server=y,suspend=n,address=127.0.0.1:56448
Begin MonoManager ReloadAssembly
Registering precompiled unity dll's ...
Register platform support module: C:/Program Files/Unity/Hub/Editor/2020.3.18f1/Editor/Data/PlaybackEngines/WindowsStandaloneSupport/UnityEditor.WindowsStandalone.Extensions.dll
Registered in 0.010378 seconds.
Native extension for WindowsStandalone target not found
Refreshing native plugins compatible for Editor in 255.73 ms, found 2 plugins.
Preloading 0 native plugins for Editor in 0.00 ms.
Mono: successfully reloaded assembly
- Completed reload, in  4.644 seconds
Domain Reload Profiling:
	ReloadAssembly (4645ms)
		BeginReloadAssembly (203ms)
			ExecutionOrderSort (0ms)
			DisableScriptedObjects (0ms)
			BackupInstance (0ms)
			ReleaseScriptingObjects (0ms)
			CreateAndSetChildDomain (2ms)
		EndReloadAssembly (1682ms)
			LoadAssemblies (197ms)
			RebuildTransferFunctionScriptingTraits (0ms)
			SetupTypeCache (598ms)
			ReleaseScriptCaches (0ms)
			RebuildScriptCaches (83ms)
			SetupLoadedEditorAssemblies (636ms)
				LogAssemblyErrors (0ms)
				InitializePlatformSupportModulesInManaged (14ms)
				SetLoadedEditorAssemblies (1ms)
				RefreshPlugins (256ms)
				BeforeProcessingInitializeOnLoad (40ms)
				ProcessInitializeOnLoadAttributes (257ms)
				ProcessInitializeOnLoadMethodAttributes (67ms)
				AfterProcessingInitializeOnLoad (0ms)
				EditorAssembliesLoaded (1ms)
			ExecutionOrderSort2 (0ms)
			AwakeInstancesAfterBackupRestoration (0ms)
Platform modules already initialized, skipping
Registering precompiled user dll's ...
Registered in 0.007551 seconds.
Begin MonoManager ReloadAssembly
Native extension for WindowsStandalone target not found
Refreshing native plugins compatible for Editor in 327.29 ms, found 2 plugins.
Preloading 0 native plugins for Editor in 0.00 ms.
Mono: successfully reloaded assembly
- Completed reload, in  6.314 seconds
Domain Reload Profiling:
	ReloadAssembly (6333ms)
		BeginReloadAssembly (623ms)
			ExecutionOrderSort (0ms)
			DisableScriptedObjects (15ms)
			BackupInstance (0ms)
			ReleaseScriptingObjects (1ms)
			CreateAndSetChildDomain (92ms)
		EndReloadAssembly (5551ms)
			LoadAssemblies (484ms)
			RebuildTransferFunctionScriptingTraits (0ms)
			SetupTypeCache (1275ms)
			ReleaseScriptCaches (1ms)
			RebuildScriptCaches (338ms)
			SetupLoadedEditorAssemblies (3124ms)
				LogAssemblyErrors (0ms)
				InitializePlatformSupportModulesInManaged (11ms)
				SetLoadedEditorAssemblies (1ms)
				RefreshPlugins (327ms)
				BeforeProcessingInitializeOnLoad (257ms)
				ProcessInitializeOnLoadAttributes (1338ms)
				ProcessInitializeOnLoadMethodAttributes (1133ms)
				AfterProcessingInitializeOnLoad (55ms)
				EditorAssembliesLoaded (1ms)
			ExecutionOrderSort2 (0ms)
			AwakeInstancesAfterBackupRestoration (26ms)
Platform modules already initialized, skipping
========================================================================
Worker process is ready to serve import requests
Launched and connected shader compiler UnityShaderCompiler.exe after 0.26 seconds
Refreshing native plugins compatible for Editor in 3.02 ms, found 2 plugins.
Preloading 0 native plugins for Editor in 0.00 ms.
Unloading 4075 Unused Serialized files (Serialized files now loaded: 0)
System memory in use before: 190.4 MB.
System memory in use after: 190.6 MB.

Unloading 20 unused Assets to reduce memory usage. Loaded Objects now: 4527.
Total: 60.158500 ms (FindLiveObjects: 28.442400 ms CreateObjectMapping: 5.051200 ms MarkObjects: 26.352600 ms  DeleteObjects: 0.309600 ms)

AssetImportParameters requested are different than current active one (requested -> active):
  custom:framework-win-MediaFoundation: 216162199b28c13a410421893ffa2e32 -> 
  custom:video-decoder-ogg-theora: a1e56fd34408186e4bbccfd4996cb3dc -> 
  custom:container-muxer-webm: aa71ff27fc2769a1b78a27578f13a17b -> 
  custom:container-demuxer-webm: 4f35f7cbe854078d1ac9338744f61a02 -> 
  custom:container-demuxer-ogg: 62fdf1f143b41e24485cea50d1cbac27 -> 
  custom:video-encoder-webm-vp8: eb34c28f22e8b96e1ab97ce403110664 -> 
  custom:video-codec-MediaFoundation-h265: 746d11721c4dcdbdad8f713fa42b33f4 -> 
  custom:video-decoder-webm-vp8: 9c59270c3fd7afecdb556c50c9e8de78 -> 
  custom:audio-decoder-ogg-vorbis: bf7c407c2cedff20999df2af8eb42d56 -> 
  custom:audio-encoder-webm-vorbis: bf7c407c2cedff20999df2af8eb42d56 -> 
========================================================================
Received Import Request.
  path: Assets/SampleSceneAssets/TutorialInfo/Readme.asset
  artifactKey: Guid(83c2ed844a8c74b779a4c823d16594b1) Importer(815301076,1909f56bfc062723c751e8b465ee728b)
Start importing Assets/SampleSceneAssets/TutorialInfo/Readme.asset using Guid(83c2ed844a8c74b779a4c823d16594b1) Importer(815301076,1909f56bfc062723c751e8b465ee728b)  -> (artifact id: '17459b2593d337ebab0d120e775ef02f') in 0.152819 seconds 
  Import took 0.175465 seconds .

========================================================================
Received Import Request.
  Time since last request: 907.497115 seconds.
  path: Assets/Perso
  artifactKey: Guid(5f2b744ca75560f4aa54abf0a4668d1b) Importer(815301076,1909f56bfc062723c751e8b465ee728b)
Start importing Assets/Perso using Guid(5f2b744ca75560f4aa54abf0a4668d1b) Importer(815301076,1909f56bfc062723c751e8b465ee728b)  -> (artifact id: 'c19f95fed00670c81742908f60181ee2') in 0.007419 seconds 
  Import took 0.014344 seconds .

========================================================================
Received Import Request.
  Time since last request: 2.872860 seconds.
  path: Assets/Perso/Stan
  artifactKey: Guid(d2d138b4f7dc95c4d9a2175bf5e7629f) Importer(815301076,1909f56bfc062723c751e8b465ee728b)
Start importing Assets/Perso/Stan using Guid(d2d138b4f7dc95c4d9a2175bf5e7629f) Importer(815301076,1909f56bfc062723c751e8b465ee728b)  -> (artifact id: '049c76eb8a7d1adc3269d2faaa874189') in 0.007044 seconds 
  Import took 0.012651 seconds .

========================================================================
Received Import Request.
  Time since last request: 0.006947 seconds.
  path: Assets/Perso/Stan
  artifactKey: Guid(d2d138b4f7dc95c4d9a2175bf5e7629f) Importer(815301076,1909f56bfc062723c751e8b465ee728b)
Start importing Assets/Perso/Stan using Guid(d2d138b4f7dc95c4d9a2175bf5e7629f) Importer(815301076,1909f56bfc062723c751e8b465ee728b)  -> (artifact id: '049c76eb8a7d1adc3269d2faaa874189') in 0.003654 seconds 
  Import took 0.010129 seconds .

========================================================================
Received Import Request.
  Time since last request: 0.286304 seconds.
  path: Assets/Perso/Emilie
  artifactKey: Guid(692492be65aee2645bb559d707315806) Importer(815301076,1909f56bfc062723c751e8b465ee728b)
Start importing Assets/Perso/Emilie using Guid(692492be65aee2645bb559d707315806) Importer(815301076,1909f56bfc062723c751e8b465ee728b)  -> (artifact id: 'a1b816b666bd79e59446852ee475b6bc') in 0.007190 seconds 
  Import took 0.014363 seconds .

========================================================================
Received Import Request.
  Time since last request: 0.001774 seconds.
  path: Assets/Perso/Emilie
  artifactKey: Guid(692492be65aee2645bb559d707315806) Importer(815301076,1909f56bfc062723c751e8b465ee728b)
Start importing Assets/Perso/Emilie using Guid(692492be65aee2645bb559d707315806) Importer(815301076,1909f56bfc062723c751e8b465ee728b)  -> (artifact id: 'a1b816b666bd79e59446852ee475b6bc') in 0.003223 seconds 
  Import took 0.009330 seconds .

========================================================================
Received Import Request.
  Time since last request: 0.293763 seconds.
  path: Assets/Perso/Cedric
  artifactKey: Guid(8c31d14d8655e5644949766df67f20fd) Importer(815301076,1909f56bfc062723c751e8b465ee728b)
Start importing Assets/Perso/Cedric using Guid(8c31d14d8655e5644949766df67f20fd) Importer(815301076,1909f56bfc062723c751e8b465ee728b)  -> (artifact id: '847de4552e93e310d0bae55d29116528') in 0.007158 seconds 
  Import took 0.014228 seconds .

========================================================================
Received Import Request.
  Time since last request: 0.001437 seconds.
  path: Assets/Perso/Cedric
  artifactKey: Guid(8c31d14d8655e5644949766df67f20fd) Importer(815301076,1909f56bfc062723c751e8b465ee728b)
Start importing Assets/Perso/Cedric using Guid(8c31d14d8655e5644949766df67f20fd) Importer(815301076,1909f56bfc062723c751e8b465ee728b)  -> (artifact id: '847de4552e93e310d0bae55d29116528') in 0.002290 seconds 
  Import took 0.008776 seconds .

========================================================================
Received Import Request.
  Time since last request: 44.117060 seconds.
  path: Assets/Perso/Emilie/Bonjour.txt.txt
  artifactKey: Guid(76dc7d49e38a6e6488d9cb64a681bf29) Importer(815301076,1909f56bfc062723c751e8b465ee728b)
Start importing Assets/Perso/Emilie/Bonjour.txt.txt using Guid(76dc7d49e38a6e6488d9cb64a681bf29) Importer(815301076,1909f56bfc062723c751e8b465ee728b)  -> (artifact id: '4489a292c0fd3cae38281ef5d150a06d') in 0.014274 seconds 
  Import took 0.019938 seconds .

